Traceback (most recent call last):
  File "<frozen runpy>", line 198, in _run_module_as_main
  File "<frozen runpy>", line 88, in _run_code
  File "C:\Users\Sayem\Downloads\New folder\Project-1-1\backend\.venv\Lib\site-packages\uvicorn\__main__.py", line 4, in <module>
    uvicorn.main()
  File "C:\Users\Sayem\Downloads\New folder\Project-1-1\backend\.venv\Lib\site-packages\click\core.py", line 1442, in __call__
    return self.main(*args, **kwargs)
           ^^^^^^^^^^^^^^^^^^^^^^^^^^
  File "C:\Users\Sayem\Downloads\New folder\Project-1-1\backend\.venv\Lib\site-packages\click\core.py", line 1363, in main
    rv = self.invoke(ctx)
         ^^^^^^^^^^^^^^^^
  File "C:\Users\Sayem\Downloads\New folder\Project-1-1\backend\.venv\Lib\site-packages\click\core.py", line 1226, in invoke
    return ctx.invoke(self.callback, **ctx.params)
           ^^^^^^^^^^^^^^^^^^^^^^^^^^^^^^^^^^^^^^^
  File "C:\Users\Sayem\Downloads\New folder\Project-1-1\backend\.venv\Lib\site-packages\click\core.py", line 794, in invoke
    return callback(*args, **kwargs)
           ^^^^^^^^^^^^^^^^^^^^^^^^^
  File "C:\Users\Sayem\Downloads\New folder\Project-1-1\backend\.venv\Lib\site-packages\uvicorn\main.py", line 412, in main
    run(
  File "C:\Users\Sayem\Downloads\New folder\Project-1-1\backend\.venv\Lib\site-packages\uvicorn\main.py", line 579, in run
    server.run()
  File "C:\Users\Sayem\Downloads\New folder\Project-1-1\backend\.venv\Lib\site-packages\uvicorn\server.py", line 65, in run
    return asyncio.run(self.serve(sockets=sockets))
           ^^^^^^^^^^^^^^^^^^^^^^^^^^^^^^^^^^^^^^^^
  File "C:\Program Files\Python312\Lib\asyncio\runners.py", line 195, in run
    return runner.run(main)
           ^^^^^^^^^^^^^^^^
  File "C:\Program Files\Python312\Lib\asyncio\runners.py", line 118, in run
    return self._loop.run_until_complete(task)
           ^^^^^^^^^^^^^^^^^^^^^^^^^^^^^^^^^^^
  File "C:\Program Files\Python312\Lib\asyncio\base_events.py", line 691, in run_until_complete
    return future.result()
           ^^^^^^^^^^^^^^^
  File "C:\Users\Sayem\Downloads\New folder\Project-1-1\backend\.venv\Lib\site-packages\uvicorn\server.py", line 69, in serve
    await self._serve(sockets)
  File "C:\Users\Sayem\Downloads\New folder\Project-1-1\backend\.venv\Lib\site-packages\uvicorn\server.py", line 76, in _serve
    config.load()
  File "C:\Users\Sayem\Downloads\New folder\Project-1-1\backend\.venv\Lib\site-packages\uvicorn\config.py", line 434, in load
    self.loaded_app = import_from_string(self.app)
                      ^^^^^^^^^^^^^^^^^^^^^^^^^^^^
  File "C:\Users\Sayem\Downloads\New folder\Project-1-1\backend\.venv\Lib\site-packages\uvicorn\importer.py", line 19, in import_from_string
    module = importlib.import_module(module_str)
             ^^^^^^^^^^^^^^^^^^^^^^^^^^^^^^^^^^^
  File "C:\Program Files\Python312\Lib\importlib\__init__.py", line 90, in import_module
    return _bootstrap._gcd_import(name[level:], package, level)
           ^^^^^^^^^^^^^^^^^^^^^^^^^^^^^^^^^^^^^^^^^^^^^^^^^^^^
  File "<frozen importlib._bootstrap>", line 1387, in _gcd_import
  File "<frozen importlib._bootstrap>", line 1360, in _find_and_load
  File "<frozen importlib._bootstrap>", line 1331, in _find_and_load_unlocked
  File "<frozen importlib._bootstrap>", line 935, in _load_unlocked
  File "<frozen importlib._bootstrap_external>", line 999, in exec_module
  File "<frozen importlib._bootstrap>", line 488, in _call_with_frames_removed
  File "C:\Users\Sayem\Downloads\New folder\Project-1-1\backend\app\main.py", line 13, in <module>
    from .routers import auth, jobs, agents, oauth, websocket, maintenance
  File "C:\Users\Sayem\Downloads\New folder\Project-1-1\backend\app\routers\agents.py", line 3, in <module>
    from ..agents import director_agent, cutter_agent, subtitle_agent, audio_agent, color_agent, qc_agent, architect_agent
  File "C:\Users\Sayem\Downloads\New folder\Project-1-1\backend\app\agents\__init__.py", line 2, in <module>
    from . import director_agent
  File "C:\Users\Sayem\Downloads\New folder\Project-1-1\backend\app\agents\director_agent.py", line 1, in <module>
    from .base import run_agent_prompt
  File "C:\Users\Sayem\Downloads\New folder\Project-1-1\backend\app\agents\base.py", line 53, in <module>
    schema: Type[T],
                 ^
NameError: name 'T' is not defined
